Info: CustomCategory:categoria: 15 mini seconds publishing element
Info: DeliveryProcess:ProcTeste: 313 mini seconds publishing element
Info: DeliveryProcess:ProcTeste: 1064 mini seconds publishing process specific layout data
Info: Phase:Teste: 328 mini seconds publishing element
Info: Activity:habilidades de depuração e diagnóstico: 440 mini seconds publishing element
Info: Activity:habilidades de depuração e diagnóstico: 596 mini seconds publishing element
Info: Activity:habilidades de depuração e diagnóstico: 657 mini seconds publishing element
Info: TaskDescriptor:identificar_motivadores_do_teste: 47 mini seconds publishing element
Info: TaskDescriptor:acordo_de_missão: 63 mini seconds publishing element
Info: TaskDescriptor:identificar_alvos_do_teste: 47 mini seconds publishing element
Info: TaskDescriptor:definir_avaliao_e_rastreabilidade_necessarios: 47 mini seconds publishing element
Info: TaskDescriptor:implementar_testes: 62 mini seconds publishing element
Info: TaskDescriptor:executar_o_conjunto_de_testes: 47 mini seconds publishing element
Info: TaskDescriptor:analisar_falha_de_teste: 62 mini seconds publishing element
Info: TaskDescriptor:determinar_resultados_do_teste: 47 mini seconds publishing element
Info: TaskDescriptor:implementar_conjunto_de_testes: 63 mini seconds publishing element
Info: TaskDescriptor:analisar_teste_de_falha: 62 mini seconds publishing element
Info: TaskDescriptor:verificar_alteracoes_na_implementacao: 63 mini seconds publishing element
Info: TaskDescriptor:determinar_resultados_do_teste_1: 216 mini seconds publishing element
Info: RoleDescriptor:analista_de_teste: 37 mini seconds publishing element
Info: RoleDescriptor:gerente_de_teste: 27 mini seconds publishing element
Info: RoleDescriptor:tester: 118 mini seconds publishing element
Info: WorkProductDescriptor:build: 21 mini seconds publishing element
Info: WorkProductDescriptor:lista_de_ideias_de_teste: 14 mini seconds publishing element
Info: WorkProductDescriptor:listas_de_problemas: 28 mini seconds publishing element
Info: WorkProductDescriptor:log_de_teste: 30 mini seconds publishing element
Info: WorkProductDescriptor:modelo_de_anlise_de_workload: 18 mini seconds publishing element
Info: WorkProductDescriptor:plano_de_desenvolvimento_de_software: 14 mini seconds publishing element
Info: WorkProductDescriptor:plano_de_iteracao: 48 mini seconds publishing element
Info: WorkProductDescriptor:plano_de_testes: 53 mini seconds publishing element
Info: WorkProductDescriptor:resultados_de_teste: 26 mini seconds publishing element
Info: WorkProductDescriptor:resumo_de_avalicao_de_teste: 13 mini seconds publishing element
Info: WorkProductDescriptor:suite_de_teste: 14 mini seconds publishing element
Info: RoleDescriptor:analista_de_teste: 11 mini seconds publishing element
Info: WorkProductDescriptor:build: 13 mini seconds publishing element
Info: WorkProductDescriptor:plano_de_testes: 12 mini seconds publishing element
Info: RoleDescriptor:analista_de_teste: 17 mini seconds publishing element
Info: RoleDescriptor:gerente_de_teste: 20 mini seconds publishing element
Info: RoleDescriptor:tester: 21 mini seconds publishing element
Info: WorkProductDescriptor:build: 19 mini seconds publishing element
Info: WorkProductDescriptor:log_de_teste: 45 mini seconds publishing element
Info: WorkProductDescriptor:plano_de_testes: 20 mini seconds publishing element
Info: WorkProductDescriptor:resultados_de_teste: 71 mini seconds publishing element
Info: WorkProductDescriptor:resumo_de_avalicao_de_teste: 31 mini seconds publishing element
Info: WorkProductDescriptor:suite_de_teste: 89 mini seconds publishing element
Info: Task:identificar_motivadores_do_teste: 30 mini seconds publishing element
Info: Task:identificar_alvos_do_teste: 56 mini seconds publishing element
Info: Task:definir_avaliao_e_rastreabilidade_necessarios: 40 mini seconds publishing element
Info: Task:implementar_testes: 62 mini seconds publishing element
Info: Task:executar_o_conjunto_de_testes: 107 mini seconds publishing element
Info: Task:analisar_falha_de_teste: 52 mini seconds publishing element
Info: Task:determinar_resultados_do_teste: 56 mini seconds publishing element
Info: Task:implementar_conjunto_de_testes: 47 mini seconds publishing element
Info: Task:analisar_teste_de_falha: 45 mini seconds publishing element
Info: Task:verificar_alteracoes_na_implementacao: 45 mini seconds publishing element
Info: Task:determinar_resultados_do_teste_1: 68 mini seconds publishing element
Info: Role:analista_de_teste: 175 mini seconds publishing element
Info: Role:gerente_de_teste: 66 mini seconds publishing element
Info: Role:tester: 105 mini seconds publishing element
Info: Artifact:build: 18 mini seconds publishing element
Info: Artifact:lista_de_ideias_de_teste: 8 mini seconds publishing element
Info: Artifact:listas_de_problemas: 12 mini seconds publishing element
Info: Artifact:log_de_teste: 14 mini seconds publishing element
Info: Artifact:modelo_de_anlise_de_workload: 9 mini seconds publishing element
Info: Artifact:plano_de_desenvolvimento_de_software: 12 mini seconds publishing element
Info: Artifact:plano_de_iteracao: 11 mini seconds publishing element
Info: Artifact:plano_de_testes: 17 mini seconds publishing element
Info: Artifact:resultados_de_teste: 30 mini seconds publishing element
Info: Artifact:resumo_de_avalicao_de_teste: 12 mini seconds publishing element
Info: Artifact:suite_de_teste: 21 mini seconds publishing element
Info: Task:acordo_de_missão: 22 mini seconds publishing element
Info: : Publishing time: 0 minutes 7 seconds
