Warning: Phase:Teste: missing resource file './../../PluginTP1/deliveryprocesses/habilidades de depura&ccedil;&atilde;o e diagn&oacute;stico_FB617E33.html'
Warning: Phase:Teste: missing resource file './../../PluginTP1/deliveryprocesses/habilidades de depura&ccedil;&atilde;o e diagn&oacute;stico_A3B14BDD.html'
Warning: Phase:Teste: missing resource file './../../PluginTP1/deliveryprocesses/habilidades de depura&ccedil;&atilde;o e diagn&oacute;stico_D94A346A.html'
Warning: Phase:Teste: missing resource file './../../PluginTP1/deliveryprocesses/habilidades de depura&ccedil;&atilde;o e diagn&oacute;stico_FB617E33.html'
Warning: Phase:Teste: missing resource file './../../PluginTP1/deliveryprocesses/habilidades de depura&ccedil;&atilde;o e diagn&oacute;stico_A3B14BDD.html'
Warning: Phase:Teste: missing resource file './../../PluginTP1/deliveryprocesses/habilidades de depura&ccedil;&atilde;o e diagn&oacute;stico_D94A346A.html'
Warning: Activity:habilidades de depuração e diagnóstico: missing resource file './../../PluginTP1/deliveryprocesses/resources/habilidades de depura&ccedil;&atilde;o e diagn&oacute;stico_FB617E33_Activity.jpeg'
Warning: Activity:habilidades de depuração e diagnóstico: missing resource file './../../PluginTP1/deliveryprocesses/resources/habilidades de depura&ccedil;&atilde;o e diagn&oacute;stico_FB617E33_ActivityDetail.jpeg'
Warning: Activity:habilidades de depuração e diagnóstico: missing resource file './../../PluginTP1/deliveryprocesses/acordo_de_miss&atilde;o_9BC0A8F6.html'
Warning: Activity:habilidades de depuração e diagnóstico: missing resource file './../../PluginTP1/deliveryprocesses/resources/habilidades de depura&ccedil;&atilde;o e diagn&oacute;stico_FB617E33_Activity.jpeg'
Warning: Activity:habilidades de depuração e diagnóstico: missing resource file './../../PluginTP1/deliveryprocesses/resources/habilidades de depura&ccedil;&atilde;o e diagn&oacute;stico_FB617E33_ActivityDetail.jpeg'
Warning: Activity:habilidades de depuração e diagnóstico: missing resource file './../../PluginTP1/deliveryprocesses/acordo_de_miss&atilde;o_9BC0A8F6.html'
Warning: Activity:habilidades de depuração e diagnóstico: missing resource file './../../PluginTP1/deliveryprocesses/resources/habilidades de depura&ccedil;&atilde;o e diagn&oacute;stico_A3B14BDD_Activity.jpeg'
Warning: Activity:habilidades de depuração e diagnóstico: missing resource file './../../PluginTP1/deliveryprocesses/resources/habilidades de depura&ccedil;&atilde;o e diagn&oacute;stico_A3B14BDD_ActivityDetail.jpeg'
Warning: Activity:habilidades de depuração e diagnóstico: missing resource file './../../PluginTP1/deliveryprocesses/resources/habilidades de depura&ccedil;&atilde;o e diagn&oacute;stico_A3B14BDD_Activity.jpeg'
Warning: Activity:habilidades de depuração e diagnóstico: missing resource file './../../PluginTP1/deliveryprocesses/resources/habilidades de depura&ccedil;&atilde;o e diagn&oacute;stico_A3B14BDD_ActivityDetail.jpeg'
Warning: Activity:habilidades de depuração e diagnóstico: missing resource file './../../PluginTP1/deliveryprocesses/resources/habilidades de depura&ccedil;&atilde;o e diagn&oacute;stico_D94A346A_Activity.jpeg'
Warning: Activity:habilidades de depuração e diagnóstico: missing resource file './../../PluginTP1/deliveryprocesses/resources/habilidades de depura&ccedil;&atilde;o e diagn&oacute;stico_D94A346A_ActivityDetail.jpeg'
Warning: Activity:habilidades de depuração e diagnóstico: missing resource file './../../PluginTP1/deliveryprocesses/resources/habilidades de depura&ccedil;&atilde;o e diagn&oacute;stico_D94A346A_Activity.jpeg'
Warning: Activity:habilidades de depuração e diagnóstico: missing resource file './../../PluginTP1/deliveryprocesses/resources/habilidades de depura&ccedil;&atilde;o e diagn&oacute;stico_D94A346A_ActivityDetail.jpeg'
Warning: TaskDescriptor:acordo_de_missão: missing resource file './../../PluginTP1/tasks/acordo_de_miss&atilde;o_D66E1F21.html'
Warning: TaskDescriptor:identificar_alvos_do_teste: missing resource file './../../PluginTP1/deliveryprocesses/acordo_de_miss&atilde;o_9BC0A8F6.html'
Warning: Role:gerente_de_teste: missing resource file './../../PluginTP1/tasks/acordo_de_miss&atilde;o_D66E1F21.html'
Warning: Artifact:build: missing resource file './../../PluginTP1/tasks/acordo_de_miss&atilde;o_D66E1F21.html'
Warning: Artifact:plano_de_desenvolvimento_de_software: missing resource file './../../PluginTP1/tasks/acordo_de_miss&atilde;o_D66E1F21.html'
Warning: Artifact:plano_de_iteracao: missing resource file './../../PluginTP1/tasks/acordo_de_miss&atilde;o_D66E1F21.html'
Warning: Artifact:plano_de_testes: missing resource file './../../PluginTP1/tasks/acordo_de_miss&atilde;o_D66E1F21.html'
